ARM GAS  C:\Users\Nick\AppData\Local\Temp\ccLItbKn.s 			page 1


   1              		.syntax unified
   2              		.cpu cortex-m3
   3              		.fpu softvfp
   4              		.eabi_attribute 20, 1
   5              		.eabi_attribute 21, 1
   6              		.eabi_attribute 23, 3
   7              		.eabi_attribute 24, 1
   8              		.eabi_attribute 25, 1
   9              		.eabi_attribute 26, 1
  10              		.eabi_attribute 30, 1
  11              		.eabi_attribute 34, 1
  12              		.eabi_attribute 18, 4
  13              		.thumb
  14              		.file	"cymetadata.c"
  15              		.text
  16              	.Ltext0:
  17              		.cfi_sections	.debug_frame
  18              		.global	cy_metadata
  19              		.global	cy_meta_flashprotect
  20              		.global	cy_meta_wonvl
  21              		.global	cy_meta_custnvl
  22              		.global	cy_meta_configecc
  23              		.section	.cyconfigecc,"a",%progbits
  24              		.align	2
  25              		.type	cy_meta_configecc, %object
  26              		.size	cy_meta_configecc, 352
  27              	cy_meta_configecc:
  28 0000 03       		.byte	3
  29 0001 64       		.byte	100
  30 0002 00       		.byte	0
  31 0003 40       		.byte	64
  32 0004 4F       		.byte	79
  33 0005 00       		.byte	0
  34 0006 01       		.byte	1
  35 0007 40       		.byte	64
  36 0008 2F       		.byte	47
  37 0009 01       		.byte	1
  38 000a 01       		.byte	1
  39 000b 40       		.byte	64
  40 000c 04       		.byte	4
  41 000d 02       		.byte	2
  42 000e 01       		.byte	1
  43 000f 40       		.byte	64
  44 0010 0A       		.byte	10
  45 0011 03       		.byte	3
  46 0012 01       		.byte	1
  47 0013 40       		.byte	64
  48 0014 04       		.byte	4
  49 0015 40       		.byte	64
  50 0016 01       		.byte	1
  51 0017 40       		.byte	64
  52 0018 04       		.byte	4
  53 0019 41       		.byte	65
  54 001a 01       		.byte	1
  55 001b 40       		.byte	64
  56 001c 02       		.byte	2
  57 001d 50       		.byte	80
ARM GAS  C:\Users\Nick\AppData\Local\Temp\ccLItbKn.s 			page 2


  58 001e 01       		.byte	1
  59 001f 40       		.byte	64
  60 0020 01       		.byte	1
  61 0021 51       		.byte	81
  62 0022 01       		.byte	1
  63 0023 40       		.byte	64
  64 0024 80       		.byte	-128
  65 0025 7F       		.byte	127
  66 0026 81       		.byte	-127
  67 0027 7F       		.byte	127
  68 0028 82       		.byte	-126
  69 0029 7F       		.byte	127
  70 002a 08       		.byte	8
  71 002b 05       		.byte	5
  72 002c 0A       		.byte	10
  73 002d 0A       		.byte	10
  74 002e 0C       		.byte	12
  75 002f 0F       		.byte	15
  76 0030 10       		.byte	16
  77 0031 03       		.byte	3
  78 0032 12       		.byte	18
  79 0033 0C       		.byte	12
  80 0034 18       		.byte	24
  81 0035 0C       		.byte	12
  82 0036 1A       		.byte	26
  83 0037 03       		.byte	3
  84 0038 20       		.byte	32
  85 0039 0A       		.byte	10
  86 003a 22       		.byte	34
  87 003b 05       		.byte	5
  88 003c 32       		.byte	50
  89 003d 0F       		.byte	15
  90 003e 36       		.byte	54
  91 003f 0F       		.byte	15
  92 0040 3A       		.byte	58
  93 0041 88       		.byte	-120
  94 0042 56       		.byte	86
  95 0043 02       		.byte	2
  96 0044 57       		.byte	87
  97 0045 37       		.byte	55
  98 0046 58       		.byte	88
  99 0047 04       		.byte	4
 100 0048 5B       		.byte	91
 101 0049 04       		.byte	4
 102 004a 5F       		.byte	95
 103 004b 01       		.byte	1
 104 004c 81       		.byte	-127
 105 004d 08       		.byte	8
 106 004e 82       		.byte	-126
 107 004f 02       		.byte	2
 108 0050 85       		.byte	-123
 109 0051 04       		.byte	4
 110 0052 88       		.byte	-120
 111 0053 17       		.byte	23
 112 0054 8A       		.byte	-118
 113 0055 68       		.byte	104
 114 0056 8E       		.byte	-114
ARM GAS  C:\Users\Nick\AppData\Local\Temp\ccLItbKn.s 			page 3


 115 0057 10       		.byte	16
 116 0058 90       		.byte	-112
 117 0059 EF       		.byte	-17
 118 005a 91       		.byte	-111
 119 005b 19       		.byte	25
 120 005c 93       		.byte	-109
 121 005d 02       		.byte	2
 122 005e 9C       		.byte	-100
 123 005f 04       		.byte	4
 124 0060 9E       		.byte	-98
 125 0061 02       		.byte	2
 126 0062 A2       		.byte	-94
 127 0063 04       		.byte	4
 128 0064 A4       		.byte	-92
 129 0065 11       		.byte	17
 130 0066 A5       		.byte	-91
 131 0067 1A       		.byte	26
 132 0068 A7       		.byte	-89
 133 0069 05       		.byte	5
 134 006a A8       		.byte	-88
 135 006b 08       		.byte	8
 136 006c AA       		.byte	-86
 137 006d 40       		.byte	64
 138 006e AC       		.byte	-84
 139 006f B1       		.byte	-79
 140 0070 AD       		.byte	-83
 141 0071 07       		.byte	7
 142 0072 AE       		.byte	-82
 143 0073 4E       		.byte	78
 144 0074 AF       		.byte	-81
 145 0075 18       		.byte	24
 146 0076 B0       		.byte	-80
 147 0077 40       		.byte	64
 148 0078 B1       		.byte	-79
 149 0079 0F       		.byte	15
 150 007a B2       		.byte	-78
 151 007b 20       		.byte	32
 152 007c B3       		.byte	-77
 153 007d 02       		.byte	2
 154 007e B4       		.byte	-76
 155 007f 1F       		.byte	31
 156 0080 B5       		.byte	-75
 157 0081 13       		.byte	19
 158 0082 B6       		.byte	-74
 159 0083 80       		.byte	-128
 160 0084 B7       		.byte	-73
 161 0085 11       		.byte	17
 162 0086 B8       		.byte	-72
 163 0087 80       		.byte	-128
 164 0088 BE       		.byte	-66
 165 0089 44       		.byte	68
 166 008a BF       		.byte	-65
 167 008b 54       		.byte	84
 168 008c C0       		.byte	-64
 169 008d 52       		.byte	82
 170 008e C1       		.byte	-63
 171 008f 01       		.byte	1
ARM GAS  C:\Users\Nick\AppData\Local\Temp\ccLItbKn.s 			page 4


 172 0090 C5       		.byte	-59
 173 0091 B0       		.byte	-80
 174 0092 C6       		.byte	-58
 175 0093 C0       		.byte	-64
 176 0094 C7       		.byte	-57
 177 0095 E6       		.byte	-26
 178 0096 C8       		.byte	-56
 179 0097 3A       		.byte	58
 180 0098 C9       		.byte	-55
 181 0099 FF       		.byte	-1
 182 009a CA       		.byte	-54
 183 009b FF       		.byte	-1
 184 009c CB       		.byte	-53
 185 009d FF       		.byte	-1
 186 009e CD       		.byte	-51
 187 009f 20       		.byte	32
 188 00a0 CE       		.byte	-50
 189 00a1 F0       		.byte	-16
 190 00a2 D1       		.byte	-47
 191 00a3 10       		.byte	16
 192 00a4 D6       		.byte	-42
 193 00a5 02       		.byte	2
 194 00a6 D7       		.byte	-41
 195 00a7 37       		.byte	55
 196 00a8 D8       		.byte	-40
 197 00a9 04       		.byte	4
 198 00aa D9       		.byte	-39
 199 00ab 04       		.byte	4
 200 00ac DA       		.byte	-38
 201 00ad 04       		.byte	4
 202 00ae DB       		.byte	-37
 203 00af 04       		.byte	4
 204 00b0 DF       		.byte	-33
 205 00b1 01       		.byte	1
 206 00b2 E2       		.byte	-30
 207 00b3 E0       		.byte	-32
 208 00b4 E3       		.byte	-29
 209 00b5 01       		.byte	1
 210 00b6 E5       		.byte	-27
 211 00b7 01       		.byte	1
 212 00b8 E7       		.byte	-25
 213 00b9 01       		.byte	1
 214 00ba E8       		.byte	-24
 215 00bb 60       		.byte	96
 216 00bc E9       		.byte	-23
 217 00bd 01       		.byte	1
 218 00be EB       		.byte	-21
 219 00bf 01       		.byte	1
 220 00c0 EC       		.byte	-20
 221 00c1 10       		.byte	16
 222 00c2 ED       		.byte	-19
 223 00c3 50       		.byte	80
 224 00c4 EE       		.byte	-18
 225 00c5 10       		.byte	16
 226 00c6 EF       		.byte	-17
 227 00c7 50       		.byte	80
 228 00c8 00       		.byte	0
ARM GAS  C:\Users\Nick\AppData\Local\Temp\ccLItbKn.s 			page 5


 229 00c9 10       		.byte	16
 230 00ca 02       		.byte	2
 231 00cb 02       		.byte	2
 232 00cc 05       		.byte	5
 233 00cd 11       		.byte	17
 234 00ce 06       		.byte	6
 235 00cf 02       		.byte	2
 236 00d0 09       		.byte	9
 237 00d1 22       		.byte	34
 238 00d2 0E       		.byte	14
 239 00d3 81       		.byte	-127
 240 00d4 10       		.byte	16
 241 00d5 80       		.byte	-128
 242 00d6 11       		.byte	17
 243 00d7 80       		.byte	-128
 244 00d8 13       		.byte	19
 245 00d9 40       		.byte	64
 246 00da 16       		.byte	22
 247 00db 98       		.byte	-104
 248 00dc 17       		.byte	23
 249 00dd 40       		.byte	64
 250 00de 18       		.byte	24
 251 00df 10       		.byte	16
 252 00e0 1A       		.byte	26
 253 00e1 01       		.byte	1
 254 00e2 1D       		.byte	29
 255 00e3 B2       		.byte	-78
 256 00e4 1E       		.byte	30
 257 00e5 A0       		.byte	-96
 258 00e6 1F       		.byte	31
 259 00e7 21       		.byte	33
 260 00e8 24       		.byte	36
 261 00e9 04       		.byte	4
 262 00ea 25       		.byte	37
 263 00eb 58       		.byte	88
 264 00ec 26       		.byte	38
 265 00ed 02       		.byte	2
 266 00ee 27       		.byte	39
 267 00ef 42       		.byte	66
 268 00f0 2F       		.byte	47
 269 00f1 21       		.byte	33
 270 00f2 36       		.byte	54
 271 00f3 02       		.byte	2
 272 00f4 3C       		.byte	60
 273 00f5 02       		.byte	2
 274 00f6 3D       		.byte	61
 275 00f7 20       		.byte	32
 276 00f8 3E       		.byte	62
 277 00f9 2A       		.byte	42
 278 00fa 45       		.byte	69
 279 00fb A0       		.byte	-96
 280 00fc 4C       		.byte	76
 281 00fd 80       		.byte	-128
 282 00fe 4E       		.byte	78
 283 00ff 02       		.byte	2
 284 0100 56       		.byte	86
 285 0101 18       		.byte	24
ARM GAS  C:\Users\Nick\AppData\Local\Temp\ccLItbKn.s 			page 6


 286 0102 57       		.byte	87
 287 0103 02       		.byte	2
 288 0104 5B       		.byte	91
 289 0105 02       		.byte	2
 290 0106 5F       		.byte	95
 291 0107 02       		.byte	2
 292 0108 60       		.byte	96
 293 0109 04       		.byte	4
 294 010a 66       		.byte	102
 295 010b 20       		.byte	32
 296 010c 71       		.byte	113
 297 010d 01       		.byte	1
 298 010e 76       		.byte	118
 299 010f 80       		.byte	-128
 300 0110 83       		.byte	-125
 301 0111 02       		.byte	2
 302 0112 C0       		.byte	-64
 303 0113 D3       		.byte	-45
 304 0114 C2       		.byte	-62
 305 0115 9A       		.byte	-102
 306 0116 C4       		.byte	-60
 307 0117 F8       		.byte	-8
 308 0118 CA       		.byte	-54
 309 0119 50       		.byte	80
 310 011a CC       		.byte	-52
 311 011b 80       		.byte	-128
 312 011c CE       		.byte	-50
 313 011d C0       		.byte	-64
 314 011e D0       		.byte	-48
 315 011f 30       		.byte	48
 316 0120 D2       		.byte	-46
 317 0121 10       		.byte	16
 318 0122 D6       		.byte	-42
 319 0123 81       		.byte	-127
 320 0124 D8       		.byte	-40
 321 0125 24       		.byte	36
 322 0126 56       		.byte	86
 323 0127 02       		.byte	2
 324 0128 57       		.byte	87
 325 0129 3D       		.byte	61
 326 012a 5B       		.byte	91
 327 012b 04       		.byte	4
 328 012c 5F       		.byte	95
 329 012d 01       		.byte	1
 330 012e 5E       		.byte	94
 331 012f 20       		.byte	32
 332 0130 67       		.byte	103
 333 0131 40       		.byte	64
 334 0132 74       		.byte	116
 335 0133 01       		.byte	1
 336 0134 93       		.byte	-109
 337 0135 40       		.byte	64
 338 0136 A2       		.byte	-94
 339 0137 10       		.byte	16
 340 0138 A4       		.byte	-92
 341 0139 01       		.byte	1
 342 013a B1       		.byte	-79
ARM GAS  C:\Users\Nick\AppData\Local\Temp\ccLItbKn.s 			page 7


 343 013b 08       		.byte	8
 344 013c D6       		.byte	-42
 345 013d 20       		.byte	32
 346 013e D8       		.byte	-40
 347 013f 80       		.byte	-128
 348 0140 EE       		.byte	-18
 349 0141 20       		.byte	32
 350 0142 3F       		.byte	63
 351 0143 80       		.byte	-128
 352 0144 83       		.byte	-125
 353 0145 40       		.byte	64
 354 0146 CE       		.byte	-50
 355 0147 20       		.byte	32
 356 0148 E2       		.byte	-30
 357 0149 20       		.byte	32
 358 014a 51       		.byte	81
 359 014b 10       		.byte	16
 360 014c 91       		.byte	-111
 361 014d 20       		.byte	32
 362 014e B1       		.byte	-79
 363 014f 10       		.byte	16
 364 0150 D4       		.byte	-44
 365 0151 20       		.byte	32
 366 0152 00       		.byte	0
 367 0153 01       		.byte	1
 368 0154 08       		.byte	8
 369 0155 01       		.byte	1
 370 0156 10       		.byte	16
 371 0157 01       		.byte	1
 372 0158 00       		.byte	0
 373 0159 01       		.byte	1
 374 015a 01       		.byte	1
 375 015b 00       		.byte	0
 376 015c 01       		.byte	1
 377 015d 00       		.byte	0
 378 015e 00       		.byte	0
 379 015f 00       		.byte	0
 380              		.section	.cywolatch,"a",%progbits
 381              		.align	2
 382              		.type	cy_meta_wonvl, %object
 383              		.size	cy_meta_wonvl, 4
 384              	cy_meta_wonvl:
 385 0000 BC       		.byte	-68
 386 0001 90       		.byte	-112
 387 0002 AC       		.byte	-84
 388 0003 AF       		.byte	-81
 389              		.section	.cycustnvl,"a",%progbits
 390              		.align	2
 391              		.type	cy_meta_custnvl, %object
 392              		.size	cy_meta_custnvl, 4
 393              	cy_meta_custnvl:
 394 0000 00       		.byte	0
 395 0001 00       		.byte	0
 396 0002 40       		.byte	64
 397 0003 05       		.byte	5
 398              		.section	.cymeta,"a",%progbits
 399              		.align	2
ARM GAS  C:\Users\Nick\AppData\Local\Temp\ccLItbKn.s 			page 8


 400              		.type	cy_metadata, %object
 401              		.size	cy_metadata, 12
 402              	cy_metadata:
 403 0000 00       		.byte	0
 404 0001 01       		.byte	1
 405 0002 2E       		.byte	46
 406 0003 16       		.byte	22
 407 0004 10       		.byte	16
 408 0005 69       		.byte	105
 409 0006 00       		.byte	0
 410 0007 01       		.byte	1
 411 0008 00       		.byte	0
 412 0009 00       		.byte	0
 413 000a 00       		.byte	0
 414 000b 00       		.byte	0
 415              		.section	.cyflashprotect,"a",%progbits
 416              		.align	2
 417              		.type	cy_meta_flashprotect, %object
 418              		.size	cy_meta_flashprotect, 256
 419              	cy_meta_flashprotect:
 420 0000 00000000 		.space	256
 420      00000000 
 420      00000000 
 420      00000000 
 420      00000000 
 421              		.text
 422              	.Letext0:
 423              		.file 1 ".\\Generated_Source\\PSoC5\\cymetadata.c"
 424              		.file 2 ".\\Generated_Source\\PSoC5\\cytypes.h"
 425              		.section	.debug_info,"",%progbits
 426              	.Ldebug_info0:
 427 0000 36010000 		.4byte	0x136
 428 0004 0400     		.2byte	0x4
 429 0006 00000000 		.4byte	.Ldebug_abbrev0
 430 000a 04       		.byte	0x4
 431 000b 01       		.uleb128 0x1
 432 000c D1000000 		.4byte	.LASF18
 433 0010 01       		.byte	0x1
 434 0011 3D000000 		.4byte	.LASF19
 435 0015 00000000 		.4byte	.LASF20
 436 0019 00000000 		.4byte	.Ldebug_line0
 437 001d 02       		.uleb128 0x2
 438 001e 01       		.byte	0x1
 439 001f 06       		.byte	0x6
 440 0020 DB010000 		.4byte	.LASF0
 441 0024 02       		.uleb128 0x2
 442 0025 01       		.byte	0x1
 443 0026 08       		.byte	0x8
 444 0027 75000000 		.4byte	.LASF1
 445 002b 02       		.uleb128 0x2
 446 002c 02       		.byte	0x2
 447 002d 05       		.byte	0x5
 448 002e C2010000 		.4byte	.LASF2
 449 0032 02       		.uleb128 0x2
 450 0033 02       		.byte	0x2
 451 0034 07       		.byte	0x7
 452 0035 95000000 		.4byte	.LASF3
ARM GAS  C:\Users\Nick\AppData\Local\Temp\ccLItbKn.s 			page 9


 453 0039 02       		.uleb128 0x2
 454 003a 04       		.byte	0x4
 455 003b 05       		.byte	0x5
 456 003c D2010000 		.4byte	.LASF4
 457 0040 02       		.uleb128 0x2
 458 0041 04       		.byte	0x4
 459 0042 07       		.byte	0x7
 460 0043 83000000 		.4byte	.LASF5
 461 0047 02       		.uleb128 0x2
 462 0048 08       		.byte	0x8
 463 0049 05       		.byte	0x5
 464 004a AF010000 		.4byte	.LASF6
 465 004e 02       		.uleb128 0x2
 466 004f 08       		.byte	0x8
 467 0050 07       		.byte	0x7
 468 0051 6C010000 		.4byte	.LASF7
 469 0055 03       		.uleb128 0x3
 470 0056 04       		.byte	0x4
 471 0057 05       		.byte	0x5
 472 0058 696E7400 		.ascii	"int\000"
 473 005c 02       		.uleb128 0x2
 474 005d 04       		.byte	0x4
 475 005e 07       		.byte	0x7
 476 005f 5F010000 		.4byte	.LASF8
 477 0063 04       		.uleb128 0x4
 478 0064 CC010000 		.4byte	.LASF21
 479 0068 02       		.byte	0x2
 480 0069 C2       		.byte	0xc2
 481 006a 24000000 		.4byte	0x24
 482 006e 02       		.uleb128 0x2
 483 006f 04       		.byte	0x4
 484 0070 04       		.byte	0x4
 485 0071 6F000000 		.4byte	.LASF9
 486 0075 02       		.uleb128 0x2
 487 0076 08       		.byte	0x8
 488 0077 04       		.byte	0x4
 489 0078 A8000000 		.4byte	.LASF10
 490 007c 02       		.uleb128 0x2
 491 007d 01       		.byte	0x1
 492 007e 08       		.byte	0x8
 493 007f BD010000 		.4byte	.LASF11
 494 0083 05       		.uleb128 0x5
 495 0084 63000000 		.4byte	0x63
 496 0088 94000000 		.4byte	0x94
 497 008c 06       		.uleb128 0x6
 498 008d 94000000 		.4byte	0x94
 499 0091 5F01     		.2byte	0x15f
 500 0093 00       		.byte	0
 501 0094 02       		.uleb128 0x2
 502 0095 04       		.byte	0x4
 503 0096 07       		.byte	0x7
 504 0097 A6010000 		.4byte	.LASF12
 505 009b 07       		.uleb128 0x7
 506 009c BF000000 		.4byte	.LASF13
 507 00a0 01       		.byte	0x1
 508 00a1 1C       		.byte	0x1c
 509 00a2 AC000000 		.4byte	0xac
ARM GAS  C:\Users\Nick\AppData\Local\Temp\ccLItbKn.s 			page 10


 510 00a6 05       		.uleb128 0x5
 511 00a7 03       		.byte	0x3
 512 00a8 00000000 		.4byte	cy_meta_configecc
 513 00ac 08       		.uleb128 0x8
 514 00ad 83000000 		.4byte	0x83
 515 00b1 05       		.uleb128 0x5
 516 00b2 63000000 		.4byte	0x63
 517 00b6 C1000000 		.4byte	0xc1
 518 00ba 09       		.uleb128 0x9
 519 00bb 94000000 		.4byte	0x94
 520 00bf 03       		.byte	0x3
 521 00c0 00       		.byte	0
 522 00c1 07       		.uleb128 0x7
 523 00c2 AF000000 		.4byte	.LASF14
 524 00c6 01       		.byte	0x1
 525 00c7 52       		.byte	0x52
 526 00c8 D2000000 		.4byte	0xd2
 527 00cc 05       		.uleb128 0x5
 528 00cd 03       		.byte	0x3
 529 00ce 00000000 		.4byte	cy_meta_custnvl
 530 00d2 08       		.uleb128 0x8
 531 00d3 B1000000 		.4byte	0xb1
 532 00d7 07       		.uleb128 0x7
 533 00d8 98010000 		.4byte	.LASF15
 534 00dc 01       		.byte	0x1
 535 00dd 5D       		.byte	0x5d
 536 00de E8000000 		.4byte	0xe8
 537 00e2 05       		.uleb128 0x5
 538 00e3 03       		.byte	0x3
 539 00e4 00000000 		.4byte	cy_meta_wonvl
 540 00e8 08       		.uleb128 0x8
 541 00e9 B1000000 		.4byte	0xb1
 542 00ed 05       		.uleb128 0x5
 543 00ee 63000000 		.4byte	0x63
 544 00f2 FD000000 		.4byte	0xfd
 545 00f6 09       		.uleb128 0x9
 546 00f7 94000000 		.4byte	0x94
 547 00fb FF       		.byte	0xff
 548 00fc 00       		.byte	0
 549 00fd 07       		.uleb128 0x7
 550 00fe 83010000 		.4byte	.LASF16
 551 0102 01       		.byte	0x1
 552 0103 68       		.byte	0x68
 553 0104 0E010000 		.4byte	0x10e
 554 0108 05       		.uleb128 0x5
 555 0109 03       		.byte	0x3
 556 010a 00000000 		.4byte	cy_meta_flashprotect
 557 010e 08       		.uleb128 0x8
 558 010f ED000000 		.4byte	0xed
 559 0113 05       		.uleb128 0x5
 560 0114 63000000 		.4byte	0x63
 561 0118 23010000 		.4byte	0x123
 562 011c 09       		.uleb128 0x9
 563 011d 94000000 		.4byte	0x94
 564 0121 0B       		.byte	0xb
 565 0122 00       		.byte	0
 566 0123 07       		.uleb128 0x7
ARM GAS  C:\Users\Nick\AppData\Local\Temp\ccLItbKn.s 			page 11


 567 0124 63000000 		.4byte	.LASF17
 568 0128 01       		.byte	0x1
 569 0129 92       		.byte	0x92
 570 012a 34010000 		.4byte	0x134
 571 012e 05       		.uleb128 0x5
 572 012f 03       		.byte	0x3
 573 0130 00000000 		.4byte	cy_metadata
 574 0134 08       		.uleb128 0x8
 575 0135 13010000 		.4byte	0x113
 576 0139 00       		.byte	0
 577              		.section	.debug_abbrev,"",%progbits
 578              	.Ldebug_abbrev0:
 579 0000 01       		.uleb128 0x1
 580 0001 11       		.uleb128 0x11
 581 0002 01       		.byte	0x1
 582 0003 25       		.uleb128 0x25
 583 0004 0E       		.uleb128 0xe
 584 0005 13       		.uleb128 0x13
 585 0006 0B       		.uleb128 0xb
 586 0007 03       		.uleb128 0x3
 587 0008 0E       		.uleb128 0xe
 588 0009 1B       		.uleb128 0x1b
 589 000a 0E       		.uleb128 0xe
 590 000b 10       		.uleb128 0x10
 591 000c 17       		.uleb128 0x17
 592 000d 00       		.byte	0
 593 000e 00       		.byte	0
 594 000f 02       		.uleb128 0x2
 595 0010 24       		.uleb128 0x24
 596 0011 00       		.byte	0
 597 0012 0B       		.uleb128 0xb
 598 0013 0B       		.uleb128 0xb
 599 0014 3E       		.uleb128 0x3e
 600 0015 0B       		.uleb128 0xb
 601 0016 03       		.uleb128 0x3
 602 0017 0E       		.uleb128 0xe
 603 0018 00       		.byte	0
 604 0019 00       		.byte	0
 605 001a 03       		.uleb128 0x3
 606 001b 24       		.uleb128 0x24
 607 001c 00       		.byte	0
 608 001d 0B       		.uleb128 0xb
 609 001e 0B       		.uleb128 0xb
 610 001f 3E       		.uleb128 0x3e
 611 0020 0B       		.uleb128 0xb
 612 0021 03       		.uleb128 0x3
 613 0022 08       		.uleb128 0x8
 614 0023 00       		.byte	0
 615 0024 00       		.byte	0
 616 0025 04       		.uleb128 0x4
 617 0026 16       		.uleb128 0x16
 618 0027 00       		.byte	0
 619 0028 03       		.uleb128 0x3
 620 0029 0E       		.uleb128 0xe
 621 002a 3A       		.uleb128 0x3a
 622 002b 0B       		.uleb128 0xb
 623 002c 3B       		.uleb128 0x3b
ARM GAS  C:\Users\Nick\AppData\Local\Temp\ccLItbKn.s 			page 12


 624 002d 0B       		.uleb128 0xb
 625 002e 49       		.uleb128 0x49
 626 002f 13       		.uleb128 0x13
 627 0030 00       		.byte	0
 628 0031 00       		.byte	0
 629 0032 05       		.uleb128 0x5
 630 0033 01       		.uleb128 0x1
 631 0034 01       		.byte	0x1
 632 0035 49       		.uleb128 0x49
 633 0036 13       		.uleb128 0x13
 634 0037 01       		.uleb128 0x1
 635 0038 13       		.uleb128 0x13
 636 0039 00       		.byte	0
 637 003a 00       		.byte	0
 638 003b 06       		.uleb128 0x6
 639 003c 21       		.uleb128 0x21
 640 003d 00       		.byte	0
 641 003e 49       		.uleb128 0x49
 642 003f 13       		.uleb128 0x13
 643 0040 2F       		.uleb128 0x2f
 644 0041 05       		.uleb128 0x5
 645 0042 00       		.byte	0
 646 0043 00       		.byte	0
 647 0044 07       		.uleb128 0x7
 648 0045 34       		.uleb128 0x34
 649 0046 00       		.byte	0
 650 0047 03       		.uleb128 0x3
 651 0048 0E       		.uleb128 0xe
 652 0049 3A       		.uleb128 0x3a
 653 004a 0B       		.uleb128 0xb
 654 004b 3B       		.uleb128 0x3b
 655 004c 0B       		.uleb128 0xb
 656 004d 49       		.uleb128 0x49
 657 004e 13       		.uleb128 0x13
 658 004f 3F       		.uleb128 0x3f
 659 0050 19       		.uleb128 0x19
 660 0051 02       		.uleb128 0x2
 661 0052 18       		.uleb128 0x18
 662 0053 00       		.byte	0
 663 0054 00       		.byte	0
 664 0055 08       		.uleb128 0x8
 665 0056 26       		.uleb128 0x26
 666 0057 00       		.byte	0
 667 0058 49       		.uleb128 0x49
 668 0059 13       		.uleb128 0x13
 669 005a 00       		.byte	0
 670 005b 00       		.byte	0
 671 005c 09       		.uleb128 0x9
 672 005d 21       		.uleb128 0x21
 673 005e 00       		.byte	0
 674 005f 49       		.uleb128 0x49
 675 0060 13       		.uleb128 0x13
 676 0061 2F       		.uleb128 0x2f
 677 0062 0B       		.uleb128 0xb
 678 0063 00       		.byte	0
 679 0064 00       		.byte	0
 680 0065 00       		.byte	0
ARM GAS  C:\Users\Nick\AppData\Local\Temp\ccLItbKn.s 			page 13


 681              		.section	.debug_aranges,"",%progbits
 682 0000 14000000 		.4byte	0x14
 683 0004 0200     		.2byte	0x2
 684 0006 00000000 		.4byte	.Ldebug_info0
 685 000a 04       		.byte	0x4
 686 000b 00       		.byte	0
 687 000c 0000     		.2byte	0
 688 000e 0000     		.2byte	0
 689 0010 00000000 		.4byte	0
 690 0014 00000000 		.4byte	0
 691              		.section	.debug_line,"",%progbits
 692              	.Ldebug_line0:
 693 0000 4F000000 		.section	.debug_str,"MS",%progbits,1
 693      02004900 
 693      00000201 
 693      FB0E0D00 
 693      01010101 
 694              	.LASF20:
 695 0000 433A5C55 		.ascii	"C:\\Users\\Nick\\Documents\\PSoC Creator\\NeoPixel\\"
 695      73657273 
 695      5C4E6963 
 695      6B5C446F 
 695      63756D65 
 696 002e 4E656F50 		.ascii	"NeoPixel.cydsn\000"
 696      6978656C 
 696      2E637964 
 696      736E00
 697              	.LASF19:
 698 003d 2E5C4765 		.ascii	".\\Generated_Source\\PSoC5\\cymetadata.c\000"
 698      6E657261 
 698      7465645F 
 698      536F7572 
 698      63655C50 
 699              	.LASF17:
 700 0063 63795F6D 		.ascii	"cy_metadata\000"
 700      65746164 
 700      61746100 
 701              	.LASF9:
 702 006f 666C6F61 		.ascii	"float\000"
 702      7400
 703              	.LASF1:
 704 0075 756E7369 		.ascii	"unsigned char\000"
 704      676E6564 
 704      20636861 
 704      7200
 705              	.LASF5:
 706 0083 6C6F6E67 		.ascii	"long unsigned int\000"
 706      20756E73 
 706      69676E65 
 706      6420696E 
 706      7400
 707              	.LASF3:
 708 0095 73686F72 		.ascii	"short unsigned int\000"
 708      7420756E 
 708      7369676E 
 708      65642069 
 708      6E7400
ARM GAS  C:\Users\Nick\AppData\Local\Temp\ccLItbKn.s 			page 14


 709              	.LASF10:
 710 00a8 646F7562 		.ascii	"double\000"
 710      6C6500
 711              	.LASF14:
 712 00af 63795F6D 		.ascii	"cy_meta_custnvl\000"
 712      6574615F 
 712      63757374 
 712      6E766C00 
 713              	.LASF13:
 714 00bf 63795F6D 		.ascii	"cy_meta_configecc\000"
 714      6574615F 
 714      636F6E66 
 714      69676563 
 714      6300
 715              	.LASF18:
 716 00d1 474E5520 		.ascii	"GNU C 4.9.3 20150303 (release) [ARM/embedded-4_9-br"
 716      4320342E 
 716      392E3320 
 716      32303135 
 716      30333033 
 717 0104 616E6368 		.ascii	"anch revision 221220] -mcpu=cortex-m3 -mthumb -g -O"
 717      20726576 
 717      6973696F 
 717      6E203232 
 717      31323230 
 718 0137 67202D66 		.ascii	"g -ffunction-sections -ffat-lto-objects\000"
 718      66756E63 
 718      74696F6E 
 718      2D736563 
 718      74696F6E 
 719              	.LASF8:
 720 015f 756E7369 		.ascii	"unsigned int\000"
 720      676E6564 
 720      20696E74 
 720      00
 721              	.LASF7:
 722 016c 6C6F6E67 		.ascii	"long long unsigned int\000"
 722      206C6F6E 
 722      6720756E 
 722      7369676E 
 722      65642069 
 723              	.LASF16:
 724 0183 63795F6D 		.ascii	"cy_meta_flashprotect\000"
 724      6574615F 
 724      666C6173 
 724      6870726F 
 724      74656374 
 725              	.LASF15:
 726 0198 63795F6D 		.ascii	"cy_meta_wonvl\000"
 726      6574615F 
 726      776F6E76 
 726      6C00
 727              	.LASF12:
 728 01a6 73697A65 		.ascii	"sizetype\000"
 728      74797065 
 728      00
 729              	.LASF6:
ARM GAS  C:\Users\Nick\AppData\Local\Temp\ccLItbKn.s 			page 15


 730 01af 6C6F6E67 		.ascii	"long long int\000"
 730      206C6F6E 
 730      6720696E 
 730      7400
 731              	.LASF11:
 732 01bd 63686172 		.ascii	"char\000"
 732      00
 733              	.LASF2:
 734 01c2 73686F72 		.ascii	"short int\000"
 734      7420696E 
 734      7400
 735              	.LASF21:
 736 01cc 75696E74 		.ascii	"uint8\000"
 736      3800
 737              	.LASF4:
 738 01d2 6C6F6E67 		.ascii	"long int\000"
 738      20696E74 
 738      00
 739              	.LASF0:
 740 01db 7369676E 		.ascii	"signed char\000"
 740      65642063 
 740      68617200 
 741              		.ident	"GCC: (GNU Tools for ARM Embedded Processors) 4.9.3 20150303 (release) [ARM/embedded-4_9-br
