ARM GAS  C:\Users\Nick\AppData\Local\Temp\ccOfq9ZZ.s 			page 1


   1              		.syntax unified
   2              		.cpu cortex-m3
   3              		.fpu softvfp
   4              		.eabi_attribute 20, 1
   5              		.eabi_attribute 21, 1
   6              		.eabi_attribute 23, 3
   7              		.eabi_attribute 24, 1
   8              		.eabi_attribute 25, 1
   9              		.eabi_attribute 26, 1
  10              		.eabi_attribute 30, 1
  11              		.eabi_attribute 34, 1
  12              		.eabi_attribute 18, 4
  13              		.thumb
  14              		.file	"NP_Neo_ONTime_PM.c"
  15              		.text
  16              	.Ltext0:
  17              		.cfi_sections	.debug_frame
  18              		.section	.text.NP_Neo_ONTime_SaveConfig,"ax",%progbits
  19              		.align	2
  20              		.global	NP_Neo_ONTime_SaveConfig
  21              		.thumb
  22              		.thumb_func
  23              		.type	NP_Neo_ONTime_SaveConfig, %function
  24              	NP_Neo_ONTime_SaveConfig:
  25              	.LFB0:
  26              		.file 1 ".\\Generated_Source\\PSoC5\\NP_Neo_ONTime_PM.c"
   1:.\Generated_Source\PSoC5/NP_Neo_ONTime_PM.c **** /*******************************************************************************
   2:.\Generated_Source\PSoC5/NP_Neo_ONTime_PM.c **** * File Name: NP_Neo_ONTime_PM.c
   3:.\Generated_Source\PSoC5/NP_Neo_ONTime_PM.c **** * Version 1.0
   4:.\Generated_Source\PSoC5/NP_Neo_ONTime_PM.c **** *
   5:.\Generated_Source\PSoC5/NP_Neo_ONTime_PM.c **** * Description:
   6:.\Generated_Source\PSoC5/NP_Neo_ONTime_PM.c **** *  This file provides Low power mode APIs for Count7 component.
   7:.\Generated_Source\PSoC5/NP_Neo_ONTime_PM.c **** *
   8:.\Generated_Source\PSoC5/NP_Neo_ONTime_PM.c **** * Note:
   9:.\Generated_Source\PSoC5/NP_Neo_ONTime_PM.c **** *  None
  10:.\Generated_Source\PSoC5/NP_Neo_ONTime_PM.c **** *
  11:.\Generated_Source\PSoC5/NP_Neo_ONTime_PM.c **** ********************************************************************************
  12:.\Generated_Source\PSoC5/NP_Neo_ONTime_PM.c **** * Copyright 2013, Cypress Semiconductor Corporation.  All rights reserved.
  13:.\Generated_Source\PSoC5/NP_Neo_ONTime_PM.c **** * You may use this file only in accordance with the license, terms, conditions,
  14:.\Generated_Source\PSoC5/NP_Neo_ONTime_PM.c **** * disclaimers, and limitations in the end user license agreement accompanying
  15:.\Generated_Source\PSoC5/NP_Neo_ONTime_PM.c **** * the software package with which this file was provided.
  16:.\Generated_Source\PSoC5/NP_Neo_ONTime_PM.c **** *******************************************************************************/
  17:.\Generated_Source\PSoC5/NP_Neo_ONTime_PM.c **** 
  18:.\Generated_Source\PSoC5/NP_Neo_ONTime_PM.c **** #include "NP_Neo_ONTime.h"
  19:.\Generated_Source\PSoC5/NP_Neo_ONTime_PM.c **** 
  20:.\Generated_Source\PSoC5/NP_Neo_ONTime_PM.c **** 
  21:.\Generated_Source\PSoC5/NP_Neo_ONTime_PM.c **** NP_Neo_ONTime_BACKUP_STRUCT NP_Neo_ONTime_backup;
  22:.\Generated_Source\PSoC5/NP_Neo_ONTime_PM.c **** 
  23:.\Generated_Source\PSoC5/NP_Neo_ONTime_PM.c **** 
  24:.\Generated_Source\PSoC5/NP_Neo_ONTime_PM.c **** /*******************************************************************************
  25:.\Generated_Source\PSoC5/NP_Neo_ONTime_PM.c **** * Function Name: NP_Neo_ONTime_SaveConfig
  26:.\Generated_Source\PSoC5/NP_Neo_ONTime_PM.c **** ********************************************************************************
  27:.\Generated_Source\PSoC5/NP_Neo_ONTime_PM.c **** *
  28:.\Generated_Source\PSoC5/NP_Neo_ONTime_PM.c **** * Summary:
  29:.\Generated_Source\PSoC5/NP_Neo_ONTime_PM.c **** *  This function saves the component configuration and non-retention registers.
  30:.\Generated_Source\PSoC5/NP_Neo_ONTime_PM.c **** *  This function is called by the Count7_Sleep() function.
  31:.\Generated_Source\PSoC5/NP_Neo_ONTime_PM.c **** *
ARM GAS  C:\Users\Nick\AppData\Local\Temp\ccOfq9ZZ.s 			page 2


  32:.\Generated_Source\PSoC5/NP_Neo_ONTime_PM.c **** * Parameters:
  33:.\Generated_Source\PSoC5/NP_Neo_ONTime_PM.c **** *  None
  34:.\Generated_Source\PSoC5/NP_Neo_ONTime_PM.c **** *
  35:.\Generated_Source\PSoC5/NP_Neo_ONTime_PM.c **** * Return:
  36:.\Generated_Source\PSoC5/NP_Neo_ONTime_PM.c **** *  None
  37:.\Generated_Source\PSoC5/NP_Neo_ONTime_PM.c **** *
  38:.\Generated_Source\PSoC5/NP_Neo_ONTime_PM.c **** * Global Variables:
  39:.\Generated_Source\PSoC5/NP_Neo_ONTime_PM.c **** *  NP_Neo_ONTime_backup - used to save component configuration and non-
  40:.\Generated_Source\PSoC5/NP_Neo_ONTime_PM.c **** *  retention registers before enter sleep mode.
  41:.\Generated_Source\PSoC5/NP_Neo_ONTime_PM.c **** *
  42:.\Generated_Source\PSoC5/NP_Neo_ONTime_PM.c **** *******************************************************************************/
  43:.\Generated_Source\PSoC5/NP_Neo_ONTime_PM.c **** void NP_Neo_ONTime_SaveConfig(void) 
  44:.\Generated_Source\PSoC5/NP_Neo_ONTime_PM.c **** {
  27              		.loc 1 44 0
  28              		.cfi_startproc
  29              		@ args = 0, pretend = 0, frame = 0
  30              		@ frame_needed = 0, uses_anonymous_args = 0
  31              		@ link register save eliminated.
  45:.\Generated_Source\PSoC5/NP_Neo_ONTime_PM.c ****     NP_Neo_ONTime_backup.count = NP_Neo_ONTime_COUNT_REG;
  32              		.loc 1 45 0
  33 0000 024B     		ldr	r3, .L2
  34 0002 1A78     		ldrb	r2, [r3]	@ zero_extendqisi2
  35 0004 024B     		ldr	r3, .L2+4
  36 0006 5A70     		strb	r2, [r3, #1]
  37 0008 7047     		bx	lr
  38              	.L3:
  39 000a 00BF     		.align	2
  40              	.L2:
  41 000c 70640040 		.word	1073767536
  42 0010 00000000 		.word	NP_Neo_ONTime_backup
  43              		.cfi_endproc
  44              	.LFE0:
  45              		.size	NP_Neo_ONTime_SaveConfig, .-NP_Neo_ONTime_SaveConfig
  46              		.section	.text.NP_Neo_ONTime_Sleep,"ax",%progbits
  47              		.align	2
  48              		.global	NP_Neo_ONTime_Sleep
  49              		.thumb
  50              		.thumb_func
  51              		.type	NP_Neo_ONTime_Sleep, %function
  52              	NP_Neo_ONTime_Sleep:
  53              	.LFB1:
  46:.\Generated_Source\PSoC5/NP_Neo_ONTime_PM.c **** }
  47:.\Generated_Source\PSoC5/NP_Neo_ONTime_PM.c **** 
  48:.\Generated_Source\PSoC5/NP_Neo_ONTime_PM.c **** 
  49:.\Generated_Source\PSoC5/NP_Neo_ONTime_PM.c **** /*******************************************************************************
  50:.\Generated_Source\PSoC5/NP_Neo_ONTime_PM.c **** * Function Name: NP_Neo_ONTime_Sleep
  51:.\Generated_Source\PSoC5/NP_Neo_ONTime_PM.c **** ********************************************************************************
  52:.\Generated_Source\PSoC5/NP_Neo_ONTime_PM.c **** *
  53:.\Generated_Source\PSoC5/NP_Neo_ONTime_PM.c **** * Summary:
  54:.\Generated_Source\PSoC5/NP_Neo_ONTime_PM.c **** *  This is the preferred API to prepare the component for low power mode
  55:.\Generated_Source\PSoC5/NP_Neo_ONTime_PM.c **** *  operation. The Count7_Sleep() API saves the current component state using
  56:.\Generated_Source\PSoC5/NP_Neo_ONTime_PM.c **** *  Count7_SaveConfig() and disables the counter.
  57:.\Generated_Source\PSoC5/NP_Neo_ONTime_PM.c **** *
  58:.\Generated_Source\PSoC5/NP_Neo_ONTime_PM.c **** * Parameters:
  59:.\Generated_Source\PSoC5/NP_Neo_ONTime_PM.c **** *  None
  60:.\Generated_Source\PSoC5/NP_Neo_ONTime_PM.c **** *
  61:.\Generated_Source\PSoC5/NP_Neo_ONTime_PM.c **** * Return:
ARM GAS  C:\Users\Nick\AppData\Local\Temp\ccOfq9ZZ.s 			page 3


  62:.\Generated_Source\PSoC5/NP_Neo_ONTime_PM.c **** *  None
  63:.\Generated_Source\PSoC5/NP_Neo_ONTime_PM.c **** *
  64:.\Generated_Source\PSoC5/NP_Neo_ONTime_PM.c **** *******************************************************************************/
  65:.\Generated_Source\PSoC5/NP_Neo_ONTime_PM.c **** void NP_Neo_ONTime_Sleep(void) 
  66:.\Generated_Source\PSoC5/NP_Neo_ONTime_PM.c **** {
  54              		.loc 1 66 0
  55              		.cfi_startproc
  56              		@ args = 0, pretend = 0, frame = 0
  57              		@ frame_needed = 0, uses_anonymous_args = 0
  58 0000 08B5     		push	{r3, lr}
  59              		.cfi_def_cfa_offset 8
  60              		.cfi_offset 3, -8
  61              		.cfi_offset 14, -4
  67:.\Generated_Source\PSoC5/NP_Neo_ONTime_PM.c ****     if(0u != (NP_Neo_ONTime_AUX_CONTROL_REG & NP_Neo_ONTime_COUNTER_START))
  62              		.loc 1 67 0
  63 0002 084B     		ldr	r3, .L8
  64 0004 1B78     		ldrb	r3, [r3]	@ zero_extendqisi2
  65 0006 13F0200F 		tst	r3, #32
  66 000a 05D0     		beq	.L5
  68:.\Generated_Source\PSoC5/NP_Neo_ONTime_PM.c ****     {
  69:.\Generated_Source\PSoC5/NP_Neo_ONTime_PM.c ****         NP_Neo_ONTime_backup.enableState = 1u;
  67              		.loc 1 69 0
  68 000c 0122     		movs	r2, #1
  69 000e 064B     		ldr	r3, .L8+4
  70 0010 1A70     		strb	r2, [r3]
  70:.\Generated_Source\PSoC5/NP_Neo_ONTime_PM.c ****         NP_Neo_ONTime_Stop();
  71              		.loc 1 70 0
  72 0012 FFF7FEFF 		bl	NP_Neo_ONTime_Stop
  73              	.LVL0:
  74 0016 02E0     		b	.L6
  75              	.L5:
  71:.\Generated_Source\PSoC5/NP_Neo_ONTime_PM.c ****     }
  72:.\Generated_Source\PSoC5/NP_Neo_ONTime_PM.c ****     else
  73:.\Generated_Source\PSoC5/NP_Neo_ONTime_PM.c ****     {
  74:.\Generated_Source\PSoC5/NP_Neo_ONTime_PM.c ****         NP_Neo_ONTime_backup.enableState = 0u;
  76              		.loc 1 74 0
  77 0018 0022     		movs	r2, #0
  78 001a 034B     		ldr	r3, .L8+4
  79 001c 1A70     		strb	r2, [r3]
  80              	.L6:
  75:.\Generated_Source\PSoC5/NP_Neo_ONTime_PM.c ****     }
  76:.\Generated_Source\PSoC5/NP_Neo_ONTime_PM.c **** 
  77:.\Generated_Source\PSoC5/NP_Neo_ONTime_PM.c ****     NP_Neo_ONTime_SaveConfig();
  81              		.loc 1 77 0
  82 001e FFF7FEFF 		bl	NP_Neo_ONTime_SaveConfig
  83              	.LVL1:
  84 0022 08BD     		pop	{r3, pc}
  85              	.L9:
  86              		.align	2
  87              	.L8:
  88 0024 90640040 		.word	1073767568
  89 0028 00000000 		.word	NP_Neo_ONTime_backup
  90              		.cfi_endproc
  91              	.LFE1:
  92              		.size	NP_Neo_ONTime_Sleep, .-NP_Neo_ONTime_Sleep
  93              		.section	.text.NP_Neo_ONTime_RestoreConfig,"ax",%progbits
  94              		.align	2
ARM GAS  C:\Users\Nick\AppData\Local\Temp\ccOfq9ZZ.s 			page 4


  95              		.global	NP_Neo_ONTime_RestoreConfig
  96              		.thumb
  97              		.thumb_func
  98              		.type	NP_Neo_ONTime_RestoreConfig, %function
  99              	NP_Neo_ONTime_RestoreConfig:
 100              	.LFB2:
  78:.\Generated_Source\PSoC5/NP_Neo_ONTime_PM.c **** }
  79:.\Generated_Source\PSoC5/NP_Neo_ONTime_PM.c **** 
  80:.\Generated_Source\PSoC5/NP_Neo_ONTime_PM.c **** 
  81:.\Generated_Source\PSoC5/NP_Neo_ONTime_PM.c **** /*******************************************************************************
  82:.\Generated_Source\PSoC5/NP_Neo_ONTime_PM.c **** * Function Name: NP_Neo_ONTime_RestoreConfig
  83:.\Generated_Source\PSoC5/NP_Neo_ONTime_PM.c **** ********************************************************************************
  84:.\Generated_Source\PSoC5/NP_Neo_ONTime_PM.c **** *
  85:.\Generated_Source\PSoC5/NP_Neo_ONTime_PM.c **** * Summary:
  86:.\Generated_Source\PSoC5/NP_Neo_ONTime_PM.c **** *  This function restores the component configuration and non-retention
  87:.\Generated_Source\PSoC5/NP_Neo_ONTime_PM.c **** *  registers. This function is called by the Count7_Wakeup() function.
  88:.\Generated_Source\PSoC5/NP_Neo_ONTime_PM.c **** *
  89:.\Generated_Source\PSoC5/NP_Neo_ONTime_PM.c **** * Parameters:
  90:.\Generated_Source\PSoC5/NP_Neo_ONTime_PM.c **** *  None
  91:.\Generated_Source\PSoC5/NP_Neo_ONTime_PM.c **** *
  92:.\Generated_Source\PSoC5/NP_Neo_ONTime_PM.c **** * Return:
  93:.\Generated_Source\PSoC5/NP_Neo_ONTime_PM.c **** *  None
  94:.\Generated_Source\PSoC5/NP_Neo_ONTime_PM.c **** *
  95:.\Generated_Source\PSoC5/NP_Neo_ONTime_PM.c **** * Global Variables:
  96:.\Generated_Source\PSoC5/NP_Neo_ONTime_PM.c **** *  NP_Neo_ONTime_backup - used to save component configuration and
  97:.\Generated_Source\PSoC5/NP_Neo_ONTime_PM.c **** *  non-retention registers before exit sleep mode.
  98:.\Generated_Source\PSoC5/NP_Neo_ONTime_PM.c **** *
  99:.\Generated_Source\PSoC5/NP_Neo_ONTime_PM.c **** *******************************************************************************/
 100:.\Generated_Source\PSoC5/NP_Neo_ONTime_PM.c **** void NP_Neo_ONTime_RestoreConfig(void) 
 101:.\Generated_Source\PSoC5/NP_Neo_ONTime_PM.c **** {
 101              		.loc 1 101 0
 102              		.cfi_startproc
 103              		@ args = 0, pretend = 0, frame = 0
 104              		@ frame_needed = 0, uses_anonymous_args = 0
 105              		@ link register save eliminated.
 102:.\Generated_Source\PSoC5/NP_Neo_ONTime_PM.c ****     NP_Neo_ONTime_COUNT_REG = NP_Neo_ONTime_backup.count;
 106              		.loc 1 102 0
 107 0000 024B     		ldr	r3, .L11
 108 0002 5A78     		ldrb	r2, [r3, #1]	@ zero_extendqisi2
 109 0004 024B     		ldr	r3, .L11+4
 110 0006 1A70     		strb	r2, [r3]
 111 0008 7047     		bx	lr
 112              	.L12:
 113 000a 00BF     		.align	2
 114              	.L11:
 115 000c 00000000 		.word	NP_Neo_ONTime_backup
 116 0010 70640040 		.word	1073767536
 117              		.cfi_endproc
 118              	.LFE2:
 119              		.size	NP_Neo_ONTime_RestoreConfig, .-NP_Neo_ONTime_RestoreConfig
 120              		.section	.text.NP_Neo_ONTime_Wakeup,"ax",%progbits
 121              		.align	2
 122              		.global	NP_Neo_ONTime_Wakeup
 123              		.thumb
 124              		.thumb_func
 125              		.type	NP_Neo_ONTime_Wakeup, %function
 126              	NP_Neo_ONTime_Wakeup:
ARM GAS  C:\Users\Nick\AppData\Local\Temp\ccOfq9ZZ.s 			page 5


 127              	.LFB3:
 103:.\Generated_Source\PSoC5/NP_Neo_ONTime_PM.c **** }
 104:.\Generated_Source\PSoC5/NP_Neo_ONTime_PM.c **** 
 105:.\Generated_Source\PSoC5/NP_Neo_ONTime_PM.c **** 
 106:.\Generated_Source\PSoC5/NP_Neo_ONTime_PM.c **** /*******************************************************************************
 107:.\Generated_Source\PSoC5/NP_Neo_ONTime_PM.c **** * Function Name: NP_Neo_ONTime_Wakeup
 108:.\Generated_Source\PSoC5/NP_Neo_ONTime_PM.c **** ********************************************************************************
 109:.\Generated_Source\PSoC5/NP_Neo_ONTime_PM.c **** *
 110:.\Generated_Source\PSoC5/NP_Neo_ONTime_PM.c **** * Summary:
 111:.\Generated_Source\PSoC5/NP_Neo_ONTime_PM.c **** *  This is the preferred API to restore the component to the state when
 112:.\Generated_Source\PSoC5/NP_Neo_ONTime_PM.c **** *  Count7_Sleep() was called. The Count7_Wakeup() function calls the
 113:.\Generated_Source\PSoC5/NP_Neo_ONTime_PM.c **** *  Count7_RestoreConfig() function to restore the configuration.
 114:.\Generated_Source\PSoC5/NP_Neo_ONTime_PM.c **** *
 115:.\Generated_Source\PSoC5/NP_Neo_ONTime_PM.c **** * Parameters:
 116:.\Generated_Source\PSoC5/NP_Neo_ONTime_PM.c **** *  None
 117:.\Generated_Source\PSoC5/NP_Neo_ONTime_PM.c **** *
 118:.\Generated_Source\PSoC5/NP_Neo_ONTime_PM.c **** * Return:
 119:.\Generated_Source\PSoC5/NP_Neo_ONTime_PM.c **** *  None
 120:.\Generated_Source\PSoC5/NP_Neo_ONTime_PM.c **** *
 121:.\Generated_Source\PSoC5/NP_Neo_ONTime_PM.c **** *******************************************************************************/
 122:.\Generated_Source\PSoC5/NP_Neo_ONTime_PM.c **** void NP_Neo_ONTime_Wakeup(void) 
 123:.\Generated_Source\PSoC5/NP_Neo_ONTime_PM.c **** {
 128              		.loc 1 123 0
 129              		.cfi_startproc
 130              		@ args = 0, pretend = 0, frame = 0
 131              		@ frame_needed = 0, uses_anonymous_args = 0
 132 0000 08B5     		push	{r3, lr}
 133              		.cfi_def_cfa_offset 8
 134              		.cfi_offset 3, -8
 135              		.cfi_offset 14, -4
 124:.\Generated_Source\PSoC5/NP_Neo_ONTime_PM.c ****     NP_Neo_ONTime_RestoreConfig();
 136              		.loc 1 124 0
 137 0002 FFF7FEFF 		bl	NP_Neo_ONTime_RestoreConfig
 138              	.LVL2:
 125:.\Generated_Source\PSoC5/NP_Neo_ONTime_PM.c **** 
 126:.\Generated_Source\PSoC5/NP_Neo_ONTime_PM.c ****     /* Restore enable state */
 127:.\Generated_Source\PSoC5/NP_Neo_ONTime_PM.c ****     if (NP_Neo_ONTime_backup.enableState != 0u)
 139              		.loc 1 127 0
 140 0006 034B     		ldr	r3, .L16
 141 0008 1B78     		ldrb	r3, [r3]	@ zero_extendqisi2
 142 000a 0BB1     		cbz	r3, .L13
 128:.\Generated_Source\PSoC5/NP_Neo_ONTime_PM.c ****     {
 129:.\Generated_Source\PSoC5/NP_Neo_ONTime_PM.c ****         NP_Neo_ONTime_Enable();
 143              		.loc 1 129 0
 144 000c FFF7FEFF 		bl	NP_Neo_ONTime_Enable
 145              	.LVL3:
 146              	.L13:
 147 0010 08BD     		pop	{r3, pc}
 148              	.L17:
 149 0012 00BF     		.align	2
 150              	.L16:
 151 0014 00000000 		.word	NP_Neo_ONTime_backup
 152              		.cfi_endproc
 153              	.LFE3:
 154              		.size	NP_Neo_ONTime_Wakeup, .-NP_Neo_ONTime_Wakeup
 155              		.comm	NP_Neo_ONTime_backup,2,4
 156              		.text
ARM GAS  C:\Users\Nick\AppData\Local\Temp\ccOfq9ZZ.s 			page 6


 157              	.Letext0:
 158              		.file 2 ".\\Generated_Source\\PSoC5\\cytypes.h"
 159              		.file 3 ".\\Generated_Source\\PSoC5\\NP_Neo_ONTime.h"
 160              		.section	.debug_info,"",%progbits
 161              	.Ldebug_info0:
 162 0000 56010000 		.4byte	0x156
 163 0004 0400     		.2byte	0x4
 164 0006 00000000 		.4byte	.Ldebug_abbrev0
 165 000a 04       		.byte	0x4
 166 000b 01       		.uleb128 0x1
 167 000c F5000000 		.4byte	.LASF23
 168 0010 01       		.byte	0x1
 169 0011 D8010000 		.4byte	.LASF24
 170 0015 00000000 		.4byte	.LASF25
 171 0019 00000000 		.4byte	.Ldebug_ranges0+0
 172 001d 00000000 		.4byte	0
 173 0021 00000000 		.4byte	.Ldebug_line0
 174 0025 02       		.uleb128 0x2
 175 0026 01       		.byte	0x1
 176 0027 06       		.byte	0x6
 177 0028 55020000 		.4byte	.LASF0
 178 002c 02       		.uleb128 0x2
 179 002d 01       		.byte	0x1
 180 002e 08       		.byte	0x8
 181 002f 71000000 		.4byte	.LASF1
 182 0033 02       		.uleb128 0x2
 183 0034 02       		.byte	0x2
 184 0035 05       		.byte	0x5
 185 0036 30020000 		.4byte	.LASF2
 186 003a 02       		.uleb128 0x2
 187 003b 02       		.byte	0x2
 188 003c 07       		.byte	0x7
 189 003d 96000000 		.4byte	.LASF3
 190 0041 02       		.uleb128 0x2
 191 0042 04       		.byte	0x4
 192 0043 05       		.byte	0x5
 193 0044 40020000 		.4byte	.LASF4
 194 0048 02       		.uleb128 0x2
 195 0049 04       		.byte	0x4
 196 004a 07       		.byte	0x7
 197 004b 84000000 		.4byte	.LASF5
 198 004f 02       		.uleb128 0x2
 199 0050 08       		.byte	0x8
 200 0051 05       		.byte	0x5
 201 0052 04020000 		.4byte	.LASF6
 202 0056 02       		.uleb128 0x2
 203 0057 08       		.byte	0x8
 204 0058 07       		.byte	0x7
 205 0059 90010000 		.4byte	.LASF7
 206 005d 03       		.uleb128 0x3
 207 005e 04       		.byte	0x4
 208 005f 05       		.byte	0x5
 209 0060 696E7400 		.ascii	"int\000"
 210 0064 02       		.uleb128 0x2
 211 0065 04       		.byte	0x4
 212 0066 07       		.byte	0x7
 213 0067 83010000 		.4byte	.LASF8
ARM GAS  C:\Users\Nick\AppData\Local\Temp\ccOfq9ZZ.s 			page 7


 214 006b 04       		.uleb128 0x4
 215 006c 3A020000 		.4byte	.LASF12
 216 0070 02       		.byte	0x2
 217 0071 C2       		.byte	0xc2
 218 0072 2C000000 		.4byte	0x2c
 219 0076 02       		.uleb128 0x2
 220 0077 04       		.byte	0x4
 221 0078 04       		.byte	0x4
 222 0079 6B000000 		.4byte	.LASF9
 223 007d 02       		.uleb128 0x2
 224 007e 08       		.byte	0x8
 225 007f 04       		.byte	0x4
 226 0080 A9000000 		.4byte	.LASF10
 227 0084 02       		.uleb128 0x2
 228 0085 01       		.byte	0x1
 229 0086 08       		.byte	0x8
 230 0087 12020000 		.4byte	.LASF11
 231 008b 05       		.uleb128 0x5
 232 008c 7F000000 		.4byte	.LASF13
 233 0090 02       		.byte	0x2
 234 0091 6C01     		.2byte	0x16c
 235 0093 97000000 		.4byte	0x97
 236 0097 06       		.uleb128 0x6
 237 0098 6B000000 		.4byte	0x6b
 238 009c 07       		.uleb128 0x7
 239 009d 02       		.byte	0x2
 240 009e 03       		.byte	0x3
 241 009f 2E       		.byte	0x2e
 242 00a0 BD000000 		.4byte	0xbd
 243 00a4 08       		.uleb128 0x8
 244 00a5 49020000 		.4byte	.LASF14
 245 00a9 03       		.byte	0x3
 246 00aa 30       		.byte	0x30
 247 00ab 6B000000 		.4byte	0x6b
 248 00af 00       		.byte	0
 249 00b0 08       		.uleb128 0x8
 250 00b1 3D000000 		.4byte	.LASF15
 251 00b5 03       		.byte	0x3
 252 00b6 31       		.byte	0x31
 253 00b7 6B000000 		.4byte	0x6b
 254 00bb 01       		.byte	0x1
 255 00bc 00       		.byte	0
 256 00bd 04       		.uleb128 0x4
 257 00be D9000000 		.4byte	.LASF16
 258 00c2 03       		.byte	0x3
 259 00c3 32       		.byte	0x32
 260 00c4 9C000000 		.4byte	0x9c
 261 00c8 09       		.uleb128 0x9
 262 00c9 17020000 		.4byte	.LASF17
 263 00cd 01       		.byte	0x1
 264 00ce 2B       		.byte	0x2b
 265 00cf 00000000 		.4byte	.LFB0
 266 00d3 14000000 		.4byte	.LFE0-.LFB0
 267 00d7 01       		.uleb128 0x1
 268 00d8 9C       		.byte	0x9c
 269 00d9 0A       		.uleb128 0xa
 270 00da B0000000 		.4byte	.LASF19
ARM GAS  C:\Users\Nick\AppData\Local\Temp\ccOfq9ZZ.s 			page 8


 271 00de 01       		.byte	0x1
 272 00df 41       		.byte	0x41
 273 00e0 00000000 		.4byte	.LFB1
 274 00e4 2C000000 		.4byte	.LFE1-.LFB1
 275 00e8 01       		.uleb128 0x1
 276 00e9 9C       		.byte	0x9c
 277 00ea 01010000 		.4byte	0x101
 278 00ee 0B       		.uleb128 0xb
 279 00ef 16000000 		.4byte	.LVL0
 280 00f3 4B010000 		.4byte	0x14b
 281 00f7 0B       		.uleb128 0xb
 282 00f8 22000000 		.4byte	.LVL1
 283 00fc C8000000 		.4byte	0xc8
 284 0100 00       		.byte	0
 285 0101 09       		.uleb128 0x9
 286 0102 BC010000 		.4byte	.LASF18
 287 0106 01       		.byte	0x1
 288 0107 64       		.byte	0x64
 289 0108 00000000 		.4byte	.LFB2
 290 010c 14000000 		.4byte	.LFE2-.LFB2
 291 0110 01       		.uleb128 0x1
 292 0111 9C       		.byte	0x9c
 293 0112 0A       		.uleb128 0xa
 294 0113 A7010000 		.4byte	.LASF20
 295 0117 01       		.byte	0x1
 296 0118 7A       		.byte	0x7a
 297 0119 00000000 		.4byte	.LFB3
 298 011d 18000000 		.4byte	.LFE3-.LFB3
 299 0121 01       		.uleb128 0x1
 300 0122 9C       		.byte	0x9c
 301 0123 3A010000 		.4byte	0x13a
 302 0127 0B       		.uleb128 0xb
 303 0128 06000000 		.4byte	.LVL2
 304 012c 01010000 		.4byte	0x101
 305 0130 0B       		.uleb128 0xb
 306 0131 10000000 		.4byte	.LVL3
 307 0135 52010000 		.4byte	0x152
 308 0139 00       		.byte	0
 309 013a 0C       		.uleb128 0xc
 310 013b C4000000 		.4byte	.LASF26
 311 013f 01       		.byte	0x1
 312 0140 15       		.byte	0x15
 313 0141 BD000000 		.4byte	0xbd
 314 0145 05       		.uleb128 0x5
 315 0146 03       		.byte	0x3
 316 0147 00000000 		.4byte	NP_Neo_ONTime_backup
 317 014b 0D       		.uleb128 0xd
 318 014c 58000000 		.4byte	.LASF21
 319 0150 03       		.byte	0x3
 320 0151 1F       		.byte	0x1f
 321 0152 0D       		.uleb128 0xd
 322 0153 43000000 		.4byte	.LASF22
 323 0157 03       		.byte	0x3
 324 0158 1D       		.byte	0x1d
 325 0159 00       		.byte	0
 326              		.section	.debug_abbrev,"",%progbits
 327              	.Ldebug_abbrev0:
ARM GAS  C:\Users\Nick\AppData\Local\Temp\ccOfq9ZZ.s 			page 9


 328 0000 01       		.uleb128 0x1
 329 0001 11       		.uleb128 0x11
 330 0002 01       		.byte	0x1
 331 0003 25       		.uleb128 0x25
 332 0004 0E       		.uleb128 0xe
 333 0005 13       		.uleb128 0x13
 334 0006 0B       		.uleb128 0xb
 335 0007 03       		.uleb128 0x3
 336 0008 0E       		.uleb128 0xe
 337 0009 1B       		.uleb128 0x1b
 338 000a 0E       		.uleb128 0xe
 339 000b 55       		.uleb128 0x55
 340 000c 17       		.uleb128 0x17
 341 000d 11       		.uleb128 0x11
 342 000e 01       		.uleb128 0x1
 343 000f 10       		.uleb128 0x10
 344 0010 17       		.uleb128 0x17
 345 0011 00       		.byte	0
 346 0012 00       		.byte	0
 347 0013 02       		.uleb128 0x2
 348 0014 24       		.uleb128 0x24
 349 0015 00       		.byte	0
 350 0016 0B       		.uleb128 0xb
 351 0017 0B       		.uleb128 0xb
 352 0018 3E       		.uleb128 0x3e
 353 0019 0B       		.uleb128 0xb
 354 001a 03       		.uleb128 0x3
 355 001b 0E       		.uleb128 0xe
 356 001c 00       		.byte	0
 357 001d 00       		.byte	0
 358 001e 03       		.uleb128 0x3
 359 001f 24       		.uleb128 0x24
 360 0020 00       		.byte	0
 361 0021 0B       		.uleb128 0xb
 362 0022 0B       		.uleb128 0xb
 363 0023 3E       		.uleb128 0x3e
 364 0024 0B       		.uleb128 0xb
 365 0025 03       		.uleb128 0x3
 366 0026 08       		.uleb128 0x8
 367 0027 00       		.byte	0
 368 0028 00       		.byte	0
 369 0029 04       		.uleb128 0x4
 370 002a 16       		.uleb128 0x16
 371 002b 00       		.byte	0
 372 002c 03       		.uleb128 0x3
 373 002d 0E       		.uleb128 0xe
 374 002e 3A       		.uleb128 0x3a
 375 002f 0B       		.uleb128 0xb
 376 0030 3B       		.uleb128 0x3b
 377 0031 0B       		.uleb128 0xb
 378 0032 49       		.uleb128 0x49
 379 0033 13       		.uleb128 0x13
 380 0034 00       		.byte	0
 381 0035 00       		.byte	0
 382 0036 05       		.uleb128 0x5
 383 0037 16       		.uleb128 0x16
 384 0038 00       		.byte	0
ARM GAS  C:\Users\Nick\AppData\Local\Temp\ccOfq9ZZ.s 			page 10


 385 0039 03       		.uleb128 0x3
 386 003a 0E       		.uleb128 0xe
 387 003b 3A       		.uleb128 0x3a
 388 003c 0B       		.uleb128 0xb
 389 003d 3B       		.uleb128 0x3b
 390 003e 05       		.uleb128 0x5
 391 003f 49       		.uleb128 0x49
 392 0040 13       		.uleb128 0x13
 393 0041 00       		.byte	0
 394 0042 00       		.byte	0
 395 0043 06       		.uleb128 0x6
 396 0044 35       		.uleb128 0x35
 397 0045 00       		.byte	0
 398 0046 49       		.uleb128 0x49
 399 0047 13       		.uleb128 0x13
 400 0048 00       		.byte	0
 401 0049 00       		.byte	0
 402 004a 07       		.uleb128 0x7
 403 004b 13       		.uleb128 0x13
 404 004c 01       		.byte	0x1
 405 004d 0B       		.uleb128 0xb
 406 004e 0B       		.uleb128 0xb
 407 004f 3A       		.uleb128 0x3a
 408 0050 0B       		.uleb128 0xb
 409 0051 3B       		.uleb128 0x3b
 410 0052 0B       		.uleb128 0xb
 411 0053 01       		.uleb128 0x1
 412 0054 13       		.uleb128 0x13
 413 0055 00       		.byte	0
 414 0056 00       		.byte	0
 415 0057 08       		.uleb128 0x8
 416 0058 0D       		.uleb128 0xd
 417 0059 00       		.byte	0
 418 005a 03       		.uleb128 0x3
 419 005b 0E       		.uleb128 0xe
 420 005c 3A       		.uleb128 0x3a
 421 005d 0B       		.uleb128 0xb
 422 005e 3B       		.uleb128 0x3b
 423 005f 0B       		.uleb128 0xb
 424 0060 49       		.uleb128 0x49
 425 0061 13       		.uleb128 0x13
 426 0062 38       		.uleb128 0x38
 427 0063 0B       		.uleb128 0xb
 428 0064 00       		.byte	0
 429 0065 00       		.byte	0
 430 0066 09       		.uleb128 0x9
 431 0067 2E       		.uleb128 0x2e
 432 0068 00       		.byte	0
 433 0069 3F       		.uleb128 0x3f
 434 006a 19       		.uleb128 0x19
 435 006b 03       		.uleb128 0x3
 436 006c 0E       		.uleb128 0xe
 437 006d 3A       		.uleb128 0x3a
 438 006e 0B       		.uleb128 0xb
 439 006f 3B       		.uleb128 0x3b
 440 0070 0B       		.uleb128 0xb
 441 0071 27       		.uleb128 0x27
ARM GAS  C:\Users\Nick\AppData\Local\Temp\ccOfq9ZZ.s 			page 11


 442 0072 19       		.uleb128 0x19
 443 0073 11       		.uleb128 0x11
 444 0074 01       		.uleb128 0x1
 445 0075 12       		.uleb128 0x12
 446 0076 06       		.uleb128 0x6
 447 0077 40       		.uleb128 0x40
 448 0078 18       		.uleb128 0x18
 449 0079 9742     		.uleb128 0x2117
 450 007b 19       		.uleb128 0x19
 451 007c 00       		.byte	0
 452 007d 00       		.byte	0
 453 007e 0A       		.uleb128 0xa
 454 007f 2E       		.uleb128 0x2e
 455 0080 01       		.byte	0x1
 456 0081 3F       		.uleb128 0x3f
 457 0082 19       		.uleb128 0x19
 458 0083 03       		.uleb128 0x3
 459 0084 0E       		.uleb128 0xe
 460 0085 3A       		.uleb128 0x3a
 461 0086 0B       		.uleb128 0xb
 462 0087 3B       		.uleb128 0x3b
 463 0088 0B       		.uleb128 0xb
 464 0089 27       		.uleb128 0x27
 465 008a 19       		.uleb128 0x19
 466 008b 11       		.uleb128 0x11
 467 008c 01       		.uleb128 0x1
 468 008d 12       		.uleb128 0x12
 469 008e 06       		.uleb128 0x6
 470 008f 40       		.uleb128 0x40
 471 0090 18       		.uleb128 0x18
 472 0091 9742     		.uleb128 0x2117
 473 0093 19       		.uleb128 0x19
 474 0094 01       		.uleb128 0x1
 475 0095 13       		.uleb128 0x13
 476 0096 00       		.byte	0
 477 0097 00       		.byte	0
 478 0098 0B       		.uleb128 0xb
 479 0099 898201   		.uleb128 0x4109
 480 009c 00       		.byte	0
 481 009d 11       		.uleb128 0x11
 482 009e 01       		.uleb128 0x1
 483 009f 31       		.uleb128 0x31
 484 00a0 13       		.uleb128 0x13
 485 00a1 00       		.byte	0
 486 00a2 00       		.byte	0
 487 00a3 0C       		.uleb128 0xc
 488 00a4 34       		.uleb128 0x34
 489 00a5 00       		.byte	0
 490 00a6 03       		.uleb128 0x3
 491 00a7 0E       		.uleb128 0xe
 492 00a8 3A       		.uleb128 0x3a
 493 00a9 0B       		.uleb128 0xb
 494 00aa 3B       		.uleb128 0x3b
 495 00ab 0B       		.uleb128 0xb
 496 00ac 49       		.uleb128 0x49
 497 00ad 13       		.uleb128 0x13
 498 00ae 3F       		.uleb128 0x3f
ARM GAS  C:\Users\Nick\AppData\Local\Temp\ccOfq9ZZ.s 			page 12


 499 00af 19       		.uleb128 0x19
 500 00b0 02       		.uleb128 0x2
 501 00b1 18       		.uleb128 0x18
 502 00b2 00       		.byte	0
 503 00b3 00       		.byte	0
 504 00b4 0D       		.uleb128 0xd
 505 00b5 2E       		.uleb128 0x2e
 506 00b6 00       		.byte	0
 507 00b7 3F       		.uleb128 0x3f
 508 00b8 19       		.uleb128 0x19
 509 00b9 03       		.uleb128 0x3
 510 00ba 0E       		.uleb128 0xe
 511 00bb 3A       		.uleb128 0x3a
 512 00bc 0B       		.uleb128 0xb
 513 00bd 3B       		.uleb128 0x3b
 514 00be 0B       		.uleb128 0xb
 515 00bf 27       		.uleb128 0x27
 516 00c0 19       		.uleb128 0x19
 517 00c1 3C       		.uleb128 0x3c
 518 00c2 19       		.uleb128 0x19
 519 00c3 00       		.byte	0
 520 00c4 00       		.byte	0
 521 00c5 00       		.byte	0
 522              		.section	.debug_aranges,"",%progbits
 523 0000 34000000 		.4byte	0x34
 524 0004 0200     		.2byte	0x2
 525 0006 00000000 		.4byte	.Ldebug_info0
 526 000a 04       		.byte	0x4
 527 000b 00       		.byte	0
 528 000c 0000     		.2byte	0
 529 000e 0000     		.2byte	0
 530 0010 00000000 		.4byte	.LFB0
 531 0014 14000000 		.4byte	.LFE0-.LFB0
 532 0018 00000000 		.4byte	.LFB1
 533 001c 2C000000 		.4byte	.LFE1-.LFB1
 534 0020 00000000 		.4byte	.LFB2
 535 0024 14000000 		.4byte	.LFE2-.LFB2
 536 0028 00000000 		.4byte	.LFB3
 537 002c 18000000 		.4byte	.LFE3-.LFB3
 538 0030 00000000 		.4byte	0
 539 0034 00000000 		.4byte	0
 540              		.section	.debug_ranges,"",%progbits
 541              	.Ldebug_ranges0:
 542 0000 00000000 		.4byte	.LFB0
 543 0004 14000000 		.4byte	.LFE0
 544 0008 00000000 		.4byte	.LFB1
 545 000c 2C000000 		.4byte	.LFE1
 546 0010 00000000 		.4byte	.LFB2
 547 0014 14000000 		.4byte	.LFE2
 548 0018 00000000 		.4byte	.LFB3
 549 001c 18000000 		.4byte	.LFE3
 550 0020 00000000 		.4byte	0
 551 0024 00000000 		.4byte	0
 552              		.section	.debug_line,"",%progbits
 553              	.Ldebug_line0:
 554 0000 B1000000 		.section	.debug_str,"MS",%progbits,1
 554      02006200 
ARM GAS  C:\Users\Nick\AppData\Local\Temp\ccOfq9ZZ.s 			page 13


 554      00000201 
 554      FB0E0D00 
 554      01010101 
 555              	.LASF25:
 556 0000 433A5C55 		.ascii	"C:\\Users\\Nick\\Documents\\PSoC Creator\\NeoPixel\\"
 556      73657273 
 556      5C4E6963 
 556      6B5C446F 
 556      63756D65 
 557 002e 4E656F50 		.ascii	"NeoPixel.cydsn\000"
 557      6978656C 
 557      2E637964 
 557      736E00
 558              	.LASF15:
 559 003d 636F756E 		.ascii	"count\000"
 559      7400
 560              	.LASF22:
 561 0043 4E505F4E 		.ascii	"NP_Neo_ONTime_Enable\000"
 561      656F5F4F 
 561      4E54696D 
 561      655F456E 
 561      61626C65 
 562              	.LASF21:
 563 0058 4E505F4E 		.ascii	"NP_Neo_ONTime_Stop\000"
 563      656F5F4F 
 563      4E54696D 
 563      655F5374 
 563      6F7000
 564              	.LASF9:
 565 006b 666C6F61 		.ascii	"float\000"
 565      7400
 566              	.LASF1:
 567 0071 756E7369 		.ascii	"unsigned char\000"
 567      676E6564 
 567      20636861 
 567      7200
 568              	.LASF13:
 569 007f 72656738 		.ascii	"reg8\000"
 569      00
 570              	.LASF5:
 571 0084 6C6F6E67 		.ascii	"long unsigned int\000"
 571      20756E73 
 571      69676E65 
 571      6420696E 
 571      7400
 572              	.LASF3:
 573 0096 73686F72 		.ascii	"short unsigned int\000"
 573      7420756E 
 573      7369676E 
 573      65642069 
 573      6E7400
 574              	.LASF10:
 575 00a9 646F7562 		.ascii	"double\000"
 575      6C6500
 576              	.LASF19:
 577 00b0 4E505F4E 		.ascii	"NP_Neo_ONTime_Sleep\000"
 577      656F5F4F 
ARM GAS  C:\Users\Nick\AppData\Local\Temp\ccOfq9ZZ.s 			page 14


 577      4E54696D 
 577      655F536C 
 577      65657000 
 578              	.LASF26:
 579 00c4 4E505F4E 		.ascii	"NP_Neo_ONTime_backup\000"
 579      656F5F4F 
 579      4E54696D 
 579      655F6261 
 579      636B7570 
 580              	.LASF16:
 581 00d9 4E505F4E 		.ascii	"NP_Neo_ONTime_BACKUP_STRUCT\000"
 581      656F5F4F 
 581      4E54696D 
 581      655F4241 
 581      434B5550 
 582              	.LASF23:
 583 00f5 474E5520 		.ascii	"GNU C 4.9.3 20150303 (release) [ARM/embedded-4_9-br"
 583      4320342E 
 583      392E3320 
 583      32303135 
 583      30333033 
 584 0128 616E6368 		.ascii	"anch revision 221220] -mcpu=cortex-m3 -mthumb -g -O"
 584      20726576 
 584      6973696F 
 584      6E203232 
 584      31323230 
 585 015b 67202D66 		.ascii	"g -ffunction-sections -ffat-lto-objects\000"
 585      66756E63 
 585      74696F6E 
 585      2D736563 
 585      74696F6E 
 586              	.LASF8:
 587 0183 756E7369 		.ascii	"unsigned int\000"
 587      676E6564 
 587      20696E74 
 587      00
 588              	.LASF7:
 589 0190 6C6F6E67 		.ascii	"long long unsigned int\000"
 589      206C6F6E 
 589      6720756E 
 589      7369676E 
 589      65642069 
 590              	.LASF20:
 591 01a7 4E505F4E 		.ascii	"NP_Neo_ONTime_Wakeup\000"
 591      656F5F4F 
 591      4E54696D 
 591      655F5761 
 591      6B657570 
 592              	.LASF18:
 593 01bc 4E505F4E 		.ascii	"NP_Neo_ONTime_RestoreConfig\000"
 593      656F5F4F 
 593      4E54696D 
 593      655F5265 
 593      73746F72 
 594              	.LASF24:
 595 01d8 2E5C4765 		.ascii	".\\Generated_Source\\PSoC5\\NP_Neo_ONTime_PM.c\000"
 595      6E657261 
ARM GAS  C:\Users\Nick\AppData\Local\Temp\ccOfq9ZZ.s 			page 15


 595      7465645F 
 595      536F7572 
 595      63655C50 
 596              	.LASF6:
 597 0204 6C6F6E67 		.ascii	"long long int\000"
 597      206C6F6E 
 597      6720696E 
 597      7400
 598              	.LASF11:
 599 0212 63686172 		.ascii	"char\000"
 599      00
 600              	.LASF17:
 601 0217 4E505F4E 		.ascii	"NP_Neo_ONTime_SaveConfig\000"
 601      656F5F4F 
 601      4E54696D 
 601      655F5361 
 601      7665436F 
 602              	.LASF2:
 603 0230 73686F72 		.ascii	"short int\000"
 603      7420696E 
 603      7400
 604              	.LASF12:
 605 023a 75696E74 		.ascii	"uint8\000"
 605      3800
 606              	.LASF4:
 607 0240 6C6F6E67 		.ascii	"long int\000"
 607      20696E74 
 607      00
 608              	.LASF14:
 609 0249 656E6162 		.ascii	"enableState\000"
 609      6C655374 
 609      61746500 
 610              	.LASF0:
 611 0255 7369676E 		.ascii	"signed char\000"
 611      65642063 
 611      68617200 
 612              		.ident	"GCC: (GNU Tools for ARM Embedded Processors) 4.9.3 20150303 (release) [ARM/embedded-4_9-br
